[2021-08-22T11:57:15.320681+08:00] MyLogger.DEBUG: Hello [] []
[2021-08-23T08:29:02.430282+08:00] MyLogger.DEBUG: Hello {"name":"zhangsan","age":20} []
[2021-08-23T08:34:32.427443+08:00] MyLogger.DEBUG: Hello {"name":"zhangsan","age":20} []
[2021-08-23T08:34:32.435685+08:00] MyLogger.DEBUG: Hello [{"name":"zhangsan","age":20},{"name":"lisi"}] []
[2021-08-23T08:45:05.417053+08:00] MyLogger.DEBUG: Hello [] []
[2021-08-23T08:45:54.214262+08:00] MyLogger.DEBUG: Hello [] [{"name":"zhangsan","age":20},{"name":"lisi","age":19}]
[2021-08-23T08:47:29.910133+08:00] MyLogger.DEBUG: Hello [] [{"name":"zhangsan","age":20},{"name":"lisi","age":19}]
[2021-08-23T08:54:26.537696+08:00] MyLogger.DEBUG: Hello [] []
[2021-08-23T08:59:09.820157+08:00] MyLogger.DEBUG: Hello [] []
[2021-08-23T08:59:09.827360+08:00] MyLogger.WARNING: 我是一个warning信息 [] []
[2021-08-23T09:00:03.381346+08:00] MyLogger.DEBUG: Hello [] []
[2021-08-23T09:00:03.389227+08:00] MyLogger.WARNING: 我是一个warning信息 [] []
[2021-08-23T09:00:03.389420+08:00] MyLogger.ERROR: 我是一个error信息 [] []
[2021-08-23T09:00:03.389561+08:00] MyLogger.DEBUG: 我是一个debug信息 [] []
[2021-08-23T09:01:25.272505+08:00] MyLogger.DEBUG: Hello [] []
[2021-08-23T09:04:00.769543+08:00] MyLogger.DEBUG: Hello [] {"file":null,"line":null,"class":null,"function":null}
[2021-08-23T09:05:13.340921+08:00] MyLogger.DEBUG: Hello [] {"file":null,"line":null,"class":null,"function":null,"url":"/PHP.Study/MonologStudy/03%E4%BD%BF%E7%94%A8process.php?_ijt=n73363b64th2p61v479tdfjvgs&_ij_reload","ip":"127.0.0.1","http_method":"GET","server":"PhpStorm 2021.2","referrer":null}
[2021-08-23T09:07:10.782710+08:00] MyLogger.DEBUG: Hello [] {"0":"hello","1":"world","file":null,"line":null,"class":null,"function":null,"url":"/PHP.Study/MonologStudy/03%E4%BD%BF%E7%94%A8process.php?_ijt=n73363b64th2p61v479tdfjvgs&_ij_reload","ip":"127.0.0.1","http_method":"GET","server":"PhpStorm 2021.2","referrer":"http://localhost:63342/PHP.Study/MonologStudy/03%E4%BD%BF%E7%94%A8process.php?_ijt=n73363b64th2p61v479tdfjvgs&_ij_reload"}
[2021-08-23T09:07:15.418325+08:00] MyLogger.DEBUG: Hello [] {"0":"hello","1":"world","file":null,"line":null,"class":null,"function":null}
[2021-08-23T09:08:28.275443+08:00] MyLogger.DEBUG: Hello [] {"0":"hello","1":"world","file":null,"line":null,"class":null,"function":null,"url":"/PHP.Study/MonologStudy/03%E4%BD%BF%E7%94%A8process.php?_ijt=n73363b64th2p61v479tdfjvgs&_ij_reload","ip":"127.0.0.1","http_method":"GET","server":"PhpStorm 2021.2","referrer":"http://localhost:63342/PHP.Study/MonologStudy/03%E4%BD%BF%E7%94%A8process.php?_ijt=n73363b64th2p61v479tdfjvgs&_ij_reload"}
<h1 style="background: #CCCCCC;color: #ffffff;padding: 5px;" class="monolog-output">DEBUG</h1><table cellspacing="1" width="100%" class="monolog-output"><tr style="padding: 4px;text-align: left;">
<th style="vertical-align: top;background: #ccc;color: #000" width="100">Message:</th>
<td style="padding: 4px;text-align: left;vertical-align: top;background: #eee;color: #000"><pre>Hello</pre></td>
</tr><tr style="padding: 4px;text-align: left;">
<th style="vertical-align: top;background: #ccc;color: #000" width="100">Time:</th>
<td style="padding: 4px;text-align: left;vertical-align: top;background: #eee;color: #000"><pre>2021-08-23T09:13:12.814427+08:00</pre></td>
</tr><tr style="padding: 4px;text-align: left;">
<th style="vertical-align: top;background: #ccc;color: #000" width="100">Channel:</th>
<td style="padding: 4px;text-align: left;vertical-align: top;background: #eee;color: #000"><pre>MyLogger</pre></td>
</tr></table>